#
# There is insufficient memory for the Java Runtime Environment to continue.
# Native memory allocation (mmap) failed to map 65536 bytes for Failed to commit metaspace.
# Possible reasons:
#   The system is out of physical RAM or swap space
#   The process is running with CompressedOops enabled, and the Java Heap may be blocking the growth of the native heap
# Possible solutions:
#   Reduce memory load on the system
#   Increase physical memory or swap space
#   Check if swap backing store is full
#   Decrease Java heap size (-Xmx/-Xms)
#   Decrease number of Java threads
#   Decrease Java thread stack sizes (-Xss)
#   Set larger code cache with -XX:ReservedCodeCacheSize=
#   JVM is running with Unscaled Compressed Oops mode in which the Java heap is
#     placed in the first 4GB address space. The Java Heap base address is the
#     maximum limit for the native heap growth. Please use -XX:HeapBaseMinAddress
#     to set the Java Heap base and to place the Java Heap above 4GB virtual address.
# This output file may be truncated or incomplete.
#
#  Out of Memory Error (virtualSpaceNode.cpp:110), pid=13648, tid=7948
#
# JRE version: OpenJDK Runtime Environment Temurin-17.0.3+7 (17.0.3+7) (build 17.0.3+7)
# Java VM: OpenJDK 64-Bit Server VM Temurin-17.0.3+7 (17.0.3+7, mixed mode, tiered, compressed oops, compressed class ptrs, g1 gc, windows-amd64)
# No core dump will be written. Minidumps are not enabled by default on client versions of Windows
#

---------------  S U M M A R Y ------------

Command Line: -Dfile.encoding=UTF-8 -XX:+ShowCodeDetailsInExceptionMessages Chapter08

Host: Intel(R) Core(TM) i3-10110U CPU @ 2.10GHz, 4 cores, 7G,  Windows 11 , 64 bit Build 22000 (10.0.22000.1335)
Time: Wed Jan 11 16:16:04 2023  Windows 11 , 64 bit Build 22000 (10.0.22000.1335) elapsed time: 0.218764 seconds (0d 0h 0m 0s)

---------------  T H R E A D  ---------------

Current thread (0x000001fbcccbc7d0):  JavaThread "main" [_thread_in_vm, id=7948, stack(0x000000c90eb00000,0x000000c90ec00000)]

Stack: [0x000000c90eb00000,0x000000c90ec00000]
Native frames: (J=compiled Java code, j=interpreted, Vv=VM code, C=native code)
V  [jvm.dll+0x675efa]
V  [jvm.dll+0x830a24]
V  [jvm.dll+0x8321ce]
V  [jvm.dll+0x832833]
V  [jvm.dll+0x2454b5]
V  [jvm.dll+0x82c9cb]
V  [jvm.dll+0x61ab26]
V  [jvm.dll+0x61ab8a]
V  [jvm.dll+0x61d3aa]
V  [jvm.dll+0x61b4c6]
V  [jvm.dll+0x23ae70]
V  [jvm.dll+0x1eab7d]
V  [jvm.dll+0x1e05b1]
V  [jvm.dll+0x53bb80]
V  [jvm.dll+0x1f0da7]
V  [jvm.dll+0x7aae5b]
V  [jvm.dll+0x7ac202]
V  [jvm.dll+0x7ac538]
V  [jvm.dll+0x23d79e]
V  [jvm.dll+0x380b6e]
C  0x000001fbd687f2a3

Java frames: (J=compiled Java code, j=interpreted, Vv=VM code)
j  java.util.Collections.unmodifiableMap(Ljava/util/Map;)Ljava/util/Map;+4 java.base
j  jdk.internal.module.ModuleHashes.<init>(Ljava/lang/String;Ljava/util/Map;)V+17 java.base
j  jdk.internal.module.ModuleHashes$Builder.build()Ljdk/internal/module/ModuleHashes;+24 java.base
j  jdk.internal.module.SystemModules$default.moduleHashes()[Ljdk/internal/module/ModuleHashes;+13264 java.base
j  jdk.internal.module.SystemModuleFinders.of(Ljdk/internal/module/SystemModules;)Ljava/lang/module/ModuleFinder;+15 java.base
j  jdk.internal.module.ModuleBootstrap.boot2()Ljava/lang/ModuleLayer;+240 java.base
j  jdk.internal.module.ModuleBootstrap.boot()Ljava/lang/ModuleLayer;+64 java.base
j  java.lang.System.initPhase2(ZZ)I+0 java.base
v  ~StubRoutines::call_stub

---------------  P R O C E S S  ---------------

Threads class SMR info:
_java_thread_list=0x000001fbec830290, length=10, elements={
0x000001fbcccbc7d0, 0x000001fbec826140, 0x000001fbec826d70, 0x000001fbec844520,
0x000001fbec844ed0, 0x000001fbec845880, 0x000001fbec846230, 0x000001fbec846fc0,
0x000001fbec84e4c0, 0x000001fbec84eac0
}

Java Threads: ( => current thread )
=>0x000001fbcccbc7d0 JavaThread "main" [_thread_in_vm, id=7948, stack(0x000000c90eb00000,0x000000c90ec00000)]
  0x000001fbec826140 JavaThread "Reference Handler" daemon [_thread_blocked, id=10328, stack(0x000000c90f200000,0x000000c90f300000)]
  0x000001fbec826d70 JavaThread "Finalizer" daemon [_thread_blocked, id=16156, stack(0x000000c90f300000,0x000000c90f400000)]
  0x000001fbec844520 JavaThread "Signal Dispatcher" daemon [_thread_blocked, id=11464, stack(0x000000c90f400000,0x000000c90f500000)]
  0x000001fbec844ed0 JavaThread "Attach Listener" daemon [_thread_blocked, id=21740, stack(0x000000c90f500000,0x000000c90f600000)]
  0x000001fbec845880 JavaThread "Service Thread" daemon [_thread_blocked, id=10336, stack(0x000000c90f600000,0x000000c90f700000)]
  0x000001fbec846230 JavaThread "Monitor Deflation Thread" daemon [_thread_blocked, id=26888, stack(0x000000c90f700000,0x000000c90f800000)]
  0x000001fbec846fc0 JavaThread "C2 CompilerThread0" daemon [_thread_blocked, id=11416, stack(0x000000c90f800000,0x000000c90f900000)]
  0x000001fbec84e4c0 JavaThread "C1 CompilerThread0" daemon [_thread_blocked, id=9832, stack(0x000000c90f900000,0x000000c90fa00000)]
  0x000001fbec84eac0 JavaThread "Sweeper thread" daemon [_thread_blocked, id=236, stack(0x000000c90fa00000,0x000000c90fb00000)]

Other Threads:
  0x000001fbec80fc70 VMThread "VM Thread" [stack: 0x000000c90f100000,0x000000c90f200000] [id=26604]
  0x000001fbcedd6400 GCTaskThread "GC Thread#0" [stack: 0x000000c90ec00000,0x000000c90ed00000] [id=24920]
  0x000001fbcede6e80 ConcurrentGCThread "G1 Main Marker" [stack: 0x000000c90ed00000,0x000000c90ee00000] [id=22280]
  0x000001fbcede8190 ConcurrentGCThread "G1 Conc#0" [stack: 0x000000c90ee00000,0x000000c90ef00000] [id=14216]
  0x000001fbec660090 ConcurrentGCThread "G1 Refine#0" [stack: 0x000000c90ef00000,0x000000c90f000000] [id=25576]
  0x000001fbec661860 ConcurrentGCThread "G1 Service" [stack: 0x000000c90f000000,0x000000c90f100000] [id=14396]

Threads with active compile tasks:

VM state: not at safepoint (normal execution)

VM Mutex/Monitor currently owned by a thread:  ([mutex/lock_event])
[0x000001fbced7c2c0] Metaspace_lock - owner thread: 0x000001fbcccbc7d0

Heap address: 0x0000000082600000, size: 2010 MB, Compressed Oops mode: 32-bit

CDS archive(s) not mapped
Compressed class space mapped at: 0x0000000100000000-0x0000000140000000, reserved size: 1073741824
Narrow klass base: 0x0000000000000000, Narrow klass shift: 3, Narrow klass range: 0x140000000

GC Precious Log:
 CPUs: 4 total, 4 available
 Memory: 8038M
 Large Page Support: Disabled
 NUMA Support: Disabled
 Compressed Oops: Enabled (32-bit)
 Heap Region Size: 1M
 Heap Min Capacity: 8M
 Heap Initial Capacity: 126M
 Heap Max Capacity: 2010M
 Pre-touch: Disabled
 Parallel Workers: 4
 Concurrent Workers: 1
 Concurrent Refinement Workers: 4
 Periodic GC: Disabled

Heap:
 garbage-first heap   total 129024K, used 0K [0x0000000082600000, 0x0000000100000000)
  region size 1024K, 1 young (1024K), 0 survivors (0K)
 Metaspace       used 3046K, committed 3072K, reserved 1056768K
  class space    used 230K, committed 256K, reserved 1048576K

Heap Regions: E=young(eden), S=young(survivor), O=old, HS=humongous(starts), HC=humongous(continues), CS=collection set, F=free, OA=open archive, CA=closed archive, TAMS=top-at-mark-start (previous, next)
|   0|0x0000000082600000, 0x0000000082600000, 0x0000000082700000|  0%| F|  |TAMS 0x0000000082600000, 0x0000000082600000| Untracked 
|   1|0x0000000082700000, 0x0000000082700000, 0x0000000082800000|  0%| F|  |TAMS 0x0000000082700000, 0x0000000082700000| Untracked 
|   2|0x0000000082800000, 0x0000000082800000, 0x0000000082900000|  0%| F|  |TAMS 0x0000000082800000, 0x0000000082800000| Untracked 
|   3|0x0000000082900000, 0x0000000082900000, 0x0000000082a00000|  0%| F|  |TAMS 0x0000000082900000, 0x0000000082900000| Untracked 
|   4|0x0000000082a00000, 0x0000000082a00000, 0x0000000082b00000|  0%| F|  |TAMS 0x0000000082a00000, 0x0000000082a00000| Untracked 
|   5|0x0000000082b00000, 0x0000000082b00000, 0x0000000082c00000|  0%| F|  |TAMS 0x0000000082b00000, 0x0000000082b00000| Untracked 
|   6|0x0000000082c00000, 0x0000000082c00000, 0x0000000082d00000|  0%| F|  |TAMS 0x0000000082c00000, 0x0000000082c00000| Untracked 
|   7|0x0000000082d00000, 0x0000000082d00000, 0x0000000082e00000|  0%| F|  |TAMS 0x0000000082d00000, 0x0000000082d00000| Untracked 
|   8|0x0000000082e00000, 0x0000000082e00000, 0x0000000082f00000|  0%| F|  |TAMS 0x0000000082e00000, 0x0000000082e00000| Untracked 
|   9|0x0000000082f00000, 0x0000000082f00000, 0x0000000083000000|  0%| F|  |TAMS 0x0000000082f00000, 0x0000000082f00000| Untracked 
|  10|0x0000000083000000, 0x0000000083000000, 0x0000000083100000|  0%| F|  |TAMS 0x0000000083000000, 0x0000000083000000| Untracked 
|  11|0x0000000083100000, 0x0000000083100000, 0x0000000083200000|  0%| F|  |TAMS 0x0000000083100000, 0x0000000083100000| Untracked 
|  12|0x0000000083200000, 0x0000000083200000, 0x0000000083300000|  0%| F|  |TAMS 0x0000000083200000, 0x0000000083200000| Untracked 
|  13|0x0000000083300000, 0x0000000083300000, 0x0000000083400000|  0%| F|  |TAMS 0x0000000083300000, 0x0000000083300000| Untracked 
|  14|0x0000000083400000, 0x0000000083400000, 0x0000000083500000|  0%| F|  |TAMS 0x0000000083400000, 0x0000000083400000| Untracked 
|  15|0x0000000083500000, 0x0000000083500000, 0x0000000083600000|  0%| F|  |TAMS 0x0000000083500000, 0x0000000083500000| Untracked 
|  16|0x0000000083600000, 0x0000000083600000, 0x0000000083700000|  0%| F|  |TAMS 0x0000000083600000, 0x0000000083600000| Untracked 
|  17|0x0000000083700000, 0x0000000083700000, 0x0000000083800000|  0%| F|  |TAMS 0x0000000083700000, 0x0000000083700000| Untracked 
|  18|0x0000000083800000, 0x0000000083800000, 0x0000000083900000|  0%| F|  |TAMS 0x0000000083800000, 0x0000000083800000| Untracked 
|  19|0x0000000083900000, 0x0000000083900000, 0x0000000083a00000|  0%| F|  |TAMS 0x0000000083900000, 0x0000000083900000| Untracked 
|  20|0x0000000083a00000, 0x0000000083a00000, 0x0000000083b00000|  0%| F|  |TAMS 0x0000000083a00000, 0x0000000083a00000| Untracked 
|  21|0x0000000083b00000, 0x0000000083b00000, 0x0000000083c00000|  0%| F|  |TAMS 0x0000000083b00000, 0x0000000083b00000| Untracked 
|  22|0x0000000083c00000, 0x0000000083c00000, 0x0000000083d00000|  0%| F|  |TAMS 0x0000000083c00000, 0x0000000083c00000| Untracked 
|  23|0x0000000083d00000, 0x0000000083d00000, 0x0000000083e00000|  0%| F|  |TAMS 0x0000000083d00000, 0x0000000083d00000| Untracked 
|  24|0x0000000083e00000, 0x0000000083e00000, 0x0000000083f00000|  0%| F|  |TAMS 0x0000000083e00000, 0x0000000083e00000| Untracked 
|  25|0x0000000083f00000, 0x0000000083f00000, 0x0000000084000000|  0%| F|  |TAMS 0x0000000083f00000, 0x0000000083f00000| Untracked 
|  26|0x0000000084000000, 0x0000000084000000, 0x0000000084100000|  0%| F|  |TAMS 0x0000000084000000, 0x0000000084000000| Untracked 
|  27|0x0000000084100000, 0x0000000084100000, 0x0000000084200000|  0%| F|  |TAMS 0x0000000084100000, 0x0000000084100000| Untracked 
|  28|0x0000000084200000, 0x0000000084200000, 0x0000000084300000|  0%| F|  |TAMS 0x0000000084200000, 0x0000000084200000| Untracked 
|  29|0x0000000084300000, 0x0000000084300000, 0x0000000084400000|  0%| F|  |TAMS 0x0000000084300000, 0x0000000084300000| Untracked 
|  30|0x0000000084400000, 0x0000000084400000, 0x0000000084500000|  0%| F|  |TAMS 0x0000000084400000, 0x0000000084400000| Untracked 
|  31|0x0000000084500000, 0x0000000084500000, 0x0000000084600000|  0%| F|  |TAMS 0x0000000084500000, 0x0000000084500000| Untracked 
|  32|0x0000000084600000, 0x0000000084600000, 0x0000000084700000|  0%| F|  |TAMS 0x0000000084600000, 0x0000000084600000| Untracked 
|  33|0x0000000084700000, 0x0000000084700000, 0x0000000084800000|  0%| F|  |TAMS 0x0000000084700000, 0x0000000084700000| Untracked 
|  34|0x0000000084800000, 0x0000000084800000, 0x0000000084900000|  0%| F|  |TAMS 0x0000000084800000, 0x0000000084800000| Untracked 
|  35|0x0000000084900000, 0x0000000084900000, 0x0000000084a00000|  0%| F|  |TAMS 0x0000000084900000, 0x0000000084900000| Untracked 
|  36|0x0000000084a00000, 0x0000000084a00000, 0x0000000084b00000|  0%| F|  |TAMS 0x0000000084a00000, 0x0000000084a00000| Untracked 
|  37|0x0000000084b00000, 0x0000000084b00000, 0x0000000084c00000|  0%| F|  |TAMS 0x0000000084b00000, 0x0000000084b00000| Untracked 
|  38|0x0000000084c00000, 0x0000000084c00000, 0x0000000084d00000|  0%| F|  |TAMS 0x0000000084c00000, 0x0000000084c00000| Untracked 
|  39|0x0000000084d00000, 0x0000000084d00000, 0x0000000084e00000|  0%| F|  |TAMS 0x0000000084d00000, 0x0000000084d00000| Untracked 
|  40|0x0000000084e00000, 0x0000000084e00000, 0x0000000084f00000|  0%| F|  |TAMS 0x0000000084e00000, 0x0000000084e00000| Untracked 
|  41|0x0000000084f00000, 0x0000000084f00000, 0x0000000085000000|  0%| F|  |TAMS 0x0000000084f00000, 0x0000000084f00000| Untracked 
|  42|0x0000000085000000, 0x0000000085000000, 0x0000000085100000|  0%| F|  |TAMS 0x0000000085000000, 0x0000000085000000| Untracked 
|  43|0x0000000085100000, 0x0000000085100000, 0x0000000085200000|  0%| F|  |TAMS 0x0000000085100000, 0x0000000085100000| Untracked 
|  44|0x0000000085200000, 0x0000000085200000, 0x0000000085300000|  0%| F|  |TAMS 0x0000000085200000, 0x0000000085200000| Untracked 
|  45|0x0000000085300000, 0x0000000085300000, 0x0000000085400000|  0%| F|  |TAMS 0x0000000085300000, 0x0000000085300000| Untracked 
|  46|0x0000000085400000, 0x0000000085400000, 0x0000000085500000|  0%| F|  |TAMS 0x0000000085400000, 0x0000000085400000| Untracked 
|  47|0x0000000085500000, 0x0000000085500000, 0x0000000085600000|  0%| F|  |TAMS 0x0000000085500000, 0x0000000085500000| Untracked 
|  48|0x0000000085600000, 0x0000000085600000, 0x0000000085700000|  0%| F|  |TAMS 0x0000000085600000, 0x0000000085600000| Untracked 
|  49|0x0000000085700000, 0x0000000085700000, 0x0000000085800000|  0%| F|  |TAMS 0x0000000085700000, 0x0000000085700000| Untracked 
|  50|0x0000000085800000, 0x0000000085800000, 0x0000000085900000|  0%| F|  |TAMS 0x0000000085800000, 0x0000000085800000| Untracked 
|  51|0x0000000085900000, 0x0000000085900000, 0x0000000085a00000|  0%| F|  |TAMS 0x0000000085900000, 0x0000000085900000| Untracked 
|  52|0x0000000085a00000, 0x0000000085a00000, 0x0000000085b00000|  0%| F|  |TAMS 0x0000000085a00000, 0x0000000085a00000| Untracked 
|  53|0x0000000085b00000, 0x0000000085b00000, 0x0000000085c00000|  0%| F|  |TAMS 0x0000000085b00000, 0x0000000085b00000| Untracked 
|  54|0x0000000085c00000, 0x0000000085c00000, 0x0000000085d00000|  0%| F|  |TAMS 0x0000000085c00000, 0x0000000085c00000| Untracked 
|  55|0x0000000085d00000, 0x0000000085d00000, 0x0000000085e00000|  0%| F|  |TAMS 0x0000000085d00000, 0x0000000085d00000| Untracked 
|  56|0x0000000085e00000, 0x0000000085e00000, 0x0000000085f00000|  0%| F|  |TAMS 0x0000000085e00000, 0x0000000085e00000| Untracked 
|  57|0x0000000085f00000, 0x0000000085f00000, 0x0000000086000000|  0%| F|  |TAMS 0x0000000085f00000, 0x0000000085f00000| Untracked 
|  58|0x0000000086000000, 0x0000000086000000, 0x0000000086100000|  0%| F|  |TAMS 0x0000000086000000, 0x0000000086000000| Untracked 
|  59|0x0000000086100000, 0x0000000086100000, 0x0000000086200000|  0%| F|  |TAMS 0x0000000086100000, 0x0000000086100000| Untracked 
|  60|0x0000000086200000, 0x0000000086200000, 0x0000000086300000|  0%| F|  |TAMS 0x0000000086200000, 0x0000000086200000| Untracked 
|  61|0x0000000086300000, 0x0000000086300000, 0x0000000086400000|  0%| F|  |TAMS 0x0000000086300000, 0x0000000086300000| Untracked 
|  62|0x0000000086400000, 0x0000000086400000, 0x0000000086500000|  0%| F|  |TAMS 0x0000000086400000, 0x0000000086400000| Untracked 
|  63|0x0000000086500000, 0x0000000086500000, 0x0000000086600000|  0%| F|  |TAMS 0x0000000086500000, 0x0000000086500000| Untracked 
|  64|0x0000000086600000, 0x0000000086600000, 0x0000000086700000|  0%| F|  |TAMS 0x0000000086600000, 0x0000000086600000| Untracked 
|  65|0x0000000086700000, 0x0000000086700000, 0x0000000086800000|  0%| F|  |TAMS 0x0000000086700000, 0x0000000086700000| Untracked 
|  66|0x0000000086800000, 0x0000000086800000, 0x0000000086900000|  0%| F|  |TAMS 0x0000000086800000, 0x0000000086800000| Untracked 
|  67|0x0000000086900000, 0x0000000086900000, 0x0000000086a00000|  0%| F|  |TAMS 0x0000000086900000, 0x0000000086900000| Untracked 
|  68|0x0000000086a00000, 0x0000000086a00000, 0x0000000086b00000|  0%| F|  |TAMS 0x0000000086a00000, 0x0000000086a00000| Untracked 
|  69|0x0000000086b00000, 0x0000000086b00000, 0x0000000086c00000|  0%| F|  |TAMS 0x0000000086b00000, 0x0000000086b00000| Untracked 
|  70|0x0000000086c00000, 0x0000000086c00000, 0x0000000086d00000|  0%| F|  |TAMS 0x0000000086c00000, 0x0000000086c00000| Untracked 
|  71|0x0000000086d00000, 0x0000000086d00000, 0x0000000086e00000|  0%| F|  |TAMS 0x0000000086d00000, 0x0000000086d00000| Untracked 
|  72|0x0000000086e00000, 0x0000000086e00000, 0x0000000086f00000|  0%| F|  |TAMS 0x0000000086e00000, 0x0000000086e00000| Untracked 
|  73|0x0000000086f00000, 0x0000000086f00000, 0x0000000087000000|  0%| F|  |TAMS 0x0000000086f00000, 0x0000000086f00000| Untracked 
|  74|0x0000000087000000, 0x0000000087000000, 0x0000000087100000|  0%| F|  |TAMS 0x0000000087000000, 0x0000000087000000| Untracked 
|  75|0x0000000087100000, 0x0000000087100000, 0x0000000087200000|  0%| F|  |TAMS 0x0000000087100000, 0x0000000087100000| Untracked 
|  76|0x0000000087200000, 0x0000000087200000, 0x0000000087300000|  0%| F|  |TAMS 0x0000000087200000, 0x0000000087200000| Untracked 
|  77|0x0000000087300000, 0x0000000087300000, 0x0000000087400000|  0%| F|  |TAMS 0x0000000087300000, 0x0000000087300000| Untracked 
|  78|0x0000000087400000, 0x0000000087400000, 0x0000000087500000|  0%| F|  |TAMS 0x0000000087400000, 0x0000000087400000| Untracked 
|  79|0x0000000087500000, 0x0000000087500000, 0x0000000087600000|  0%| F|  |TAMS 0x0000000087500000, 0x0000000087500000| Untracked 
|  80|0x0000000087600000, 0x0000000087600000, 0x0000000087700000|  0%| F|  |TAMS 0x0000000087600000, 0x0000000087600000| Untracked 
|  81|0x0000000087700000, 0x0000000087700000, 0x0000000087800000|  0%| F|  |TAMS 0x0000000087700000, 0x0000000087700000| Untracked 
|  82|0x0000000087800000, 0x0000000087800000, 0x0000000087900000|  0%| F|  |TAMS 0x0000000087800000, 0x0000000087800000| Untracked 
|  83|0x0000000087900000, 0x0000000087900000, 0x0000000087a00000|  0%| F|  |TAMS 0x0000000087900000, 0x0000000087900000| Untracked 
|  84|0x0000000087a00000, 0x0000000087a00000, 0x0000000087b00000|  0%| F|  |TAMS 0x0000000087a00000, 0x0000000087a00000| Untracked 
|  85|0x0000000087b00000, 0x0000000087b00000, 0x0000000087c00000|  0%| F|  |TAMS 0x0000000087b00000, 0x0000000087b00000| Untracked 
|  86|0x0000000087c00000, 0x0000000087c00000, 0x0000000087d00000|  0%| F|  |TAMS 0x0000000087c00000, 0x0000000087c00000| Untracked 
|  87|0x0000000087d00000, 0x0000000087d00000, 0x0000000087e00000|  0%| F|  |TAMS 0x0000000087d00000, 0x0000000087d00000| Untracked 
|  88|0x0000000087e00000, 0x0000000087e00000, 0x0000000087f00000|  0%| F|  |TAMS 0x0000000087e00000, 0x0000000087e00000| Untracked 
|  89|0x0000000087f00000, 0x0000000087f00000, 0x0000000088000000|  0%| F|  |TAMS 0x0000000087f00000, 0x0000000087f00000| Untracked 
|  90|0x0000000088000000, 0x0000000088000000, 0x0000000088100000|  0%| F|  |TAMS 0x0000000088000000, 0x0000000088000000| Untracked 
|  91|0x0000000088100000, 0x0000000088100000, 0x0000000088200000|  0%| F|  |TAMS 0x0000000088100000, 0x0000000088100000| Untracked 
|  92|0x0000000088200000, 0x0000000088200000, 0x0000000088300000|  0%| F|  |TAMS 0x0000000088200000, 0x0000000088200000| Untracked 
|  93|0x0000000088300000, 0x0000000088300000, 0x0000000088400000|  0%| F|  |TAMS 0x0000000088300000, 0x0000000088300000| Untracked 
|  94|0x0000000088400000, 0x0000000088400000, 0x0000000088500000|  0%| F|  |TAMS 0x0000000088400000, 0x0000000088400000| Untracked 
|  95|0x0000000088500000, 0x0000000088500000, 0x0000000088600000|  0%| F|  |TAMS 0x0000000088500000, 0x0000000088500000| Untracked 
|  96|0x0000000088600000, 0x0000000088600000, 0x0000000088700000|  0%| F|  |TAMS 0x0000000088600000, 0x0000000088600000| Untracked 
|  97|0x0000000088700000, 0x0000000088700000, 0x0000000088800000|  0%| F|  |TAMS 0x0000000088700000, 0x0000000088700000| Untracked 
|  98|0x0000000088800000, 0x0000000088800000, 0x0000000088900000|  0%| F|  |TAMS 0x0000000088800000, 0x0000000088800000| Untracked 
|  99|0x0000000088900000, 0x0000000088900000, 0x0000000088a00000|  0%| F|  |TAMS 0x0000000088900000, 0x0000000088900000| Untracked 
| 100|0x0000000088a00000, 0x0000000088a00000, 0x0000000088b00000|  0%| F|  |TAMS 0x0000000088a00000, 0x0000000088a00000| Untracked 
| 101|0x0000000088b00000, 0x0000000088b00000, 0x0000000088c00000|  0%| F|  |TAMS 0x0000000088b00000, 0x0000000088b00000| Untracked 
| 102|0x0000000088c00000, 0x0000000088c00000, 0x0000000088d00000|  0%| F|  |TAMS 0x0000000088c00000, 0x0000000088c00000| Untracked 
| 103|0x0000000088d00000, 0x0000000088d00000, 0x0000000088e00000|  0%| F|  |TAMS 0x0000000088d00000, 0x0000000088d00000| Untracked 
| 104|0x0000000088e00000, 0x0000000088e00000, 0x0000000088f00000|  0%| F|  |TAMS 0x0000000088e00000, 0x0000000088e00000| Untracked 
| 105|0x0000000088f00000, 0x0000000088f00000, 0x0000000089000000|  0%| F|  |TAMS 0x0000000088f00000, 0x0000000088f00000| Untracked 
| 106|0x0000000089000000, 0x0000000089000000, 0x0000000089100000|  0%| F|  |TAMS 0x0000000089000000, 0x0000000089000000| Untracked 
| 107|0x0000000089100000, 0x0000000089100000, 0x0000000089200000|  0%| F|  |TAMS 0x0000000089100000, 0x0000000089100000| Untracked 
| 108|0x0000000089200000, 0x0000000089200000, 0x0000000089300000|  0%| F|  |TAMS 0x0000000089200000, 0x0000000089200000| Untracked 
| 109|0x0000000089300000, 0x0000000089300000, 0x0000000089400000|  0%| F|  |TAMS 0x0000000089300000, 0x0000000089300000| Untracked 
| 110|0x0000000089400000, 0x0000000089400000, 0x0000000089500000|  0%| F|  |TAMS 0x0000000089400000, 0x0000000089400000| Untracked 
| 111|0x0000000089500000, 0x0000000089500000, 0x0000000089600000|  0%| F|  |TAMS 0x0000000089500000, 0x0000000089500000| Untracked 
| 112|0x0000000089600000, 0x0000000089600000, 0x0000000089700000|  0%| F|  |TAMS 0x0000000089600000, 0x0000000089600000| Untracked 
| 113|0x0000000089700000, 0x0000000089700000, 0x0000000089800000|  0%| F|  |TAMS 0x0000000089700000, 0x0000000089700000| Untracked 
| 114|0x0000000089800000, 0x0000000089800000, 0x0000000089900000|  0%| F|  |TAMS 0x0000000089800000, 0x0000000089800000| Untracked 
| 115|0x0000000089900000, 0x0000000089900000, 0x0000000089a00000|  0%| F|  |TAMS 0x0000000089900000, 0x0000000089900000| Untracked 
| 116|0x0000000089a00000, 0x0000000089a00000, 0x0000000089b00000|  0%| F|  |TAMS 0x0000000089a00000, 0x0000000089a00000| Untracked 
| 117|0x0000000089b00000, 0x0000000089b00000, 0x0000000089c00000|  0%| F|  |TAMS 0x0000000089b00000, 0x0000000089b00000| Untracked 
| 118|0x0000000089c00000, 0x0000000089c00000, 0x0000000089d00000|  0%| F|  |TAMS 0x0000000089c00000, 0x0000000089c00000| Untracked 
| 119|0x0000000089d00000, 0x0000000089d00000, 0x0000000089e00000|  0%| F|  |TAMS 0x0000000089d00000, 0x0000000089d00000| Untracked 
| 120|0x0000000089e00000, 0x0000000089e00000, 0x0000000089f00000|  0%| F|  |TAMS 0x0000000089e00000, 0x0000000089e00000| Untracked 
| 121|0x0000000089f00000, 0x0000000089f00000, 0x000000008a000000|  0%| F|  |TAMS 0x0000000089f00000, 0x0000000089f00000| Untracked 
| 122|0x000000008a000000, 0x000000008a000000, 0x000000008a100000|  0%| F|  |TAMS 0x000000008a000000, 0x000000008a000000| Untracked 
| 123|0x000000008a100000, 0x000000008a100000, 0x000000008a200000|  0%| F|  |TAMS 0x000000008a100000, 0x000000008a100000| Untracked 
| 124|0x000000008a200000, 0x000000008a200000, 0x000000008a300000|  0%| F|  |TAMS 0x000000008a200000, 0x000000008a200000| Untracked 
| 125|0x000000008a300000, 0x000000008a3c7c20, 0x000000008a400000| 78%| E|  |TAMS 0x000000008a300000, 0x000000008a300000| Complete 

Card table byte_map: [0x000001fbe5c60000,0x000001fbe6050000] _byte_map_base: 0x000001fbe584d000

Marking Bits (Prev, Next): (CMBitMap*) 0x000001fbcedd6a10, (CMBitMap*) 0x000001fbcedd6a50
 Prev Bits: [0x000001fbe6440000, 0x000001fbe83a8000)
 Next Bits: [0x000001fbe83b0000, 0x000001fbea318000)

Polling page: 0x000001fbccbb0000

Metaspace:

Usage:
  Non-class:      2.75 MB used.
      Class:    230.90 KB used.
       Both:      2.97 MB used.

Virtual space:
  Non-class space:        8.00 MB reserved,       2.75 MB ( 34%) committed,  1 nodes.
      Class space:        1.00 GB reserved,     256.00 KB ( <1%) committed,  1 nodes.
             Both:        1.01 GB reserved,       3.00 MB ( <1%) committed. 

Chunk freelists:
   Non-Class:  0 bytes
       Class:  3.75 MB
        Both:  3.75 MB

MaxMetaspaceSize: unlimited
CompressedClassSpaceSize: 1.00 GB
Initial GC threshold: 21.00 MB
Current GC threshold: 21.00 MB
CDS: off
MetaspaceReclaimPolicy: balanced
 - commit_granule_bytes: 65536.
 - commit_granule_words: 8192.
 - virtual_space_node_default_size: 1048576.
 - enlarge_chunks_in_place: 1.
 - new_chunks_are_fully_committed: 0.
 - uncommit_free_chunks: 1.
 - use_allocation_guard: 0.
 - handle_deallocations: 1.


Internal statistics:

num_allocs_failed_limit: 0.
num_arena_births: 2.
num_arena_deaths: 0.
num_vsnodes_births: 2.
num_vsnodes_deaths: 0.
num_space_committed: 48.
num_space_uncommitted: 0.
num_chunks_returned_to_freelist: 0.
num_chunks_taken_from_freelist: 3.
num_chunk_merges: 0.
num_chunk_splits: 1.
num_chunks_enlarged: 0.
num_purges: 0.
num_inconsistent_stats: 0.

CodeHeap 'non-profiled nmethods': size=120000Kb used=1Kb max_used=1Kb free=119998Kb
 bounds [0x000001fbde340000, 0x000001fbde5b0000, 0x000001fbe5870000]
CodeHeap 'profiled nmethods': size=120000Kb used=24Kb max_used=24Kb free=119975Kb
 bounds [0x000001fbd6e10000, 0x000001fbd7080000, 0x000001fbde340000]
CodeHeap 'non-nmethods': size=5760Kb used=1026Kb max_used=1040Kb free=4733Kb
 bounds [0x000001fbd6870000, 0x000001fbd6ae0000, 0x000001fbd6e10000]
 total_blobs=299 nmethods=20 adapters=192
 compilation: enabled
              stopped_count=0, restarted_count=0
 full_count=0

Compilation events (20 events):
Event: 0.201 Thread 0x000001fbec84e4c0 nmethod 9 0x000001fbd6e12c10 code [0x000001fbd6e12dc0, 0x000001fbd6e13078]
Event: 0.201 Thread 0x000001fbec84e4c0   10       3       java.util.Objects::equals (23 bytes)
Event: 0.202 Thread 0x000001fbec84e4c0 nmethod 10 0x000001fbd6e13190 code [0x000001fbd6e13340, 0x000001fbd6e135a8]
Event: 0.202 Thread 0x000001fbec84e4c0   11       3       java.util.Objects::requireNonNull (14 bytes)
Event: 0.202 Thread 0x000001fbec84e4c0 nmethod 11 0x000001fbd6e13690 code [0x000001fbd6e13840, 0x000001fbd6e13a28]
Event: 0.202 Thread 0x000001fbec84e4c0   12       3       java.util.Set::of (4 bytes)
Event: 0.202 Thread 0x000001fbec84e4c0 nmethod 12 0x000001fbd6e13b10 code [0x000001fbd6e13ca0, 0x000001fbd6e13d98]
Event: 0.202 Thread 0x000001fbec84e4c0   13       3       java.lang.module.ModuleDescriptor$Exports::<init> (20 bytes)
Event: 0.202 Thread 0x000001fbec84e4c0 nmethod 13 0x000001fbd6e13e10 code [0x000001fbd6e13fc0, 0x000001fbd6e14238]
Event: 0.202 Thread 0x000001fbec84e4c0   14       3       java.lang.module.ModuleDescriptor$Exports::hashCode (38 bytes)
Event: 0.202 Thread 0x000001fbec846fc0   15       4       java.lang.StringLatin1::hashCode (42 bytes)
Event: 0.202 Thread 0x000001fbec84e4c0 nmethod 14 0x000001fbd6e14310 code [0x000001fbd6e144e0, 0x000001fbd6e147e8]
Event: 0.203 Thread 0x000001fbec84e4c0   16       3       java.util.AbstractCollection::<init> (5 bytes)
Event: 0.203 Thread 0x000001fbec84e4c0 nmethod 16 0x000001fbd6e14910 code [0x000001fbd6e14aa0, 0x000001fbd6e14bf8]
Event: 0.203 Thread 0x000001fbec84e4c0   17       3       java.util.ImmutableCollections$AbstractImmutableCollection::<init> (5 bytes)
Event: 0.203 Thread 0x000001fbec84e4c0 nmethod 17 0x000001fbd6e14c90 code [0x000001fbd6e14e40, 0x000001fbd6e14ff8]
Event: 0.203 Thread 0x000001fbec84e4c0   18       3       java.util.ImmutableCollections$AbstractImmutableSet::<init> (5 bytes)
Event: 0.203 Thread 0x000001fbec84e4c0 nmethod 18 0x000001fbd6e15110 code [0x000001fbd6e152c0, 0x000001fbd6e154f8]
Event: 0.204 Thread 0x000001fbec84e4c0   20       3       java.util.Set::of (68 bytes)
Event: 0.204 Thread 0x000001fbec84e4c0 nmethod 20 0x000001fbd6e15610 code [0x000001fbd6e15840, 0x000001fbd6e16048]

GC Heap History (0 events):
No events

Deoptimization events (0 events):
No events

Classes unloaded (0 events):
No events

Classes redefined (0 events):
No events

Internal exceptions (0 events):
No events

VM Operations (0 events):
No events

Events (20 events):
Event: 0.199 loading class java/lang/module/ModuleDescriptor$Opens done
Event: 0.200 loading class java/lang/module/ModuleDescriptor$Provides
Event: 0.200 loading class java/lang/module/ModuleDescriptor$Provides done
Event: 0.200 loading class java/util/ImmutableCollections$List12
Event: 0.200 loading class java/util/ImmutableCollections$List12 done
Event: 0.200 loading class java/lang/module/ModuleDescriptor$Version
Event: 0.200 loading class java/lang/module/ModuleDescriptor$Version done
Event: 0.200 loading class java/lang/module/ModuleDescriptor$Modifier
Event: 0.200 loading class java/lang/Enum
Event: 0.200 loading class java/lang/Enum done
Event: 0.200 loading class java/lang/module/ModuleDescriptor$Modifier done
Event: 0.200 loading class java/lang/module/ModuleDescriptor$Requires$Modifier
Event: 0.200 loading class java/lang/module/ModuleDescriptor$Requires$Modifier done
Event: 0.204 loading class jdk/internal/module/ModuleTarget
Event: 0.204 loading class jdk/internal/module/ModuleTarget done
Event: 0.204 loading class jdk/internal/module/ModuleHashes
Event: 0.204 loading class jdk/internal/module/ModuleHashes done
Event: 0.204 loading class jdk/internal/module/ModuleHashes$Builder
Event: 0.205 loading class jdk/internal/module/ModuleHashes$Builder done
Event: 0.205 loading class java/util/Collections$UnmodifiableMap


Dynamic libraries:
0x00007ff694f60000 - 0x00007ff694f6e000 	C:\Users\sd03v\OneDrive\ÉfÉXÉNÉgÉbÉv\java\17\bin\javaw.exe
0x00007ffe7eec0000 - 0x00007ffe7f0c9000 	C:\WINDOWS\SYSTEM32\ntdll.dll
0x00007ffe7d830000 - 0x00007ffe7d8ee000 	C:\WINDOWS\System32\KERNEL32.DLL
0x00007ffe7c910000 - 0x00007ffe7cc8b000 	C:\WINDOWS\System32\KERNELBASE.dll
0x00007ffe7c7f0000 - 0x00007ffe7c901000 	C:\WINDOWS\System32\ucrtbase.dll
0x00007ffe71f10000 - 0x00007ffe71f28000 	C:\Users\sd03v\OneDrive\ÉfÉXÉNÉgÉbÉv\java\17\bin\jli.dll
0x00007ffe7e300000 - 0x00007ffe7e4ad000 	C:\WINDOWS\System32\USER32.dll
0x00007ffe7c7c0000 - 0x00007ffe7c7e6000 	C:\WINDOWS\System32\win32u.dll
0x00007ffe7e6a0000 - 0x00007ffe7e6c9000 	C:\WINDOWS\System32\GDI32.dll
0x00007ffe7c4c0000 - 0x00007ffe7c5d8000 	C:\WINDOWS\System32\gdi32full.dll
0x00007ffe7c420000 - 0x00007ffe7c4bd000 	C:\WINDOWS\System32\msvcp_win.dll
0x00007ffe72190000 - 0x00007ffe721a9000 	C:\Users\sd03v\OneDrive\ÉfÉXÉNÉgÉbÉv\java\17\bin\VCRUNTIME140.dll
0x00007ffe5db40000 - 0x00007ffe5dde5000 	C:\WINDOWS\WinSxS\amd64_microsoft.windows.common-controls_6595b64144ccf1df_6.0.22000.120_none_9d947278b86cc467\COMCTL32.dll
0x00007ffe7ced0000 - 0x00007ffe7cf73000 	C:\WINDOWS\System32\msvcrt.dll
0x00007ffe7e660000 - 0x00007ffe7e692000 	C:\WINDOWS\System32\IMM32.DLL
0x00007ffe74b60000 - 0x00007ffe74b6c000 	C:\Users\sd03v\OneDrive\ÉfÉXÉNÉgÉbÉv\java\17\bin\vcruntime140_1.dll
0x00007ffe53560000 - 0x00007ffe535f1000 	C:\Users\sd03v\OneDrive\ÉfÉXÉNÉgÉbÉv\java\17\bin\msvcp140.dll
0x00007ffe19660000 - 0x00007ffe1a2a8000 	C:\Users\sd03v\OneDrive\ÉfÉXÉNÉgÉbÉv\java\17\bin\server\jvm.dll
0x00007ffe7d0a0000 - 0x00007ffe7d14e000 	C:\WINDOWS\System32\ADVAPI32.dll
0x00007ffe7d1e0000 - 0x00007ffe7d27e000 	C:\WINDOWS\System32\sechost.dll
0x00007ffe7e1e0000 - 0x00007ffe7e300000 	C:\WINDOWS\System32\RPCRT4.dll
0x00007ffe7e1d0000 - 0x00007ffe7e1d8000 	C:\WINDOWS\System32\PSAPI.DLL
0x00007ffe68f90000 - 0x00007ffe68f99000 	C:\WINDOWS\SYSTEM32\WSOCK32.dll
0x00007ffe7e6f0000 - 0x00007ffe7e75f000 	C:\WINDOWS\System32\WS2_32.dll
0x00007ffe6e9f0000 - 0x00007ffe6e9fa000 	C:\WINDOWS\SYSTEM32\VERSION.dll
0x00007ffe76c60000 - 0x00007ffe76c93000 	C:\WINDOWS\SYSTEM32\WINMM.dll
0x00007ffe7b3e0000 - 0x00007ffe7b3f8000 	C:\WINDOWS\SYSTEM32\kernel.appcore.dll
0x00007ffe721c0000 - 0x00007ffe721ca000 	C:\Users\sd03v\OneDrive\ÉfÉXÉNÉgÉbÉv\java\17\bin\jimage.dll
0x00007ffe76dd0000 - 0x00007ffe76ff1000 	C:\WINDOWS\SYSTEM32\DBGHELP.DLL
0x00007ffe64040000 - 0x00007ffe64071000 	C:\WINDOWS\SYSTEM32\dbgcore.DLL
0x00007ffe7cc90000 - 0x00007ffe7cd0f000 	C:\WINDOWS\System32\bcryptPrimitives.dll
0x00007ffe69200000 - 0x00007ffe69225000 	C:\Users\sd03v\OneDrive\ÉfÉXÉNÉgÉbÉv\java\17\bin\java.dll
0x00007ffe3ff60000 - 0x00007ffe40036000 	C:\Users\sd03v\OneDrive\ÉfÉXÉNÉgÉbÉv\java\17\bin\jsvml.dll
0x00007ffe7d9f0000 - 0x00007ffe7e1a7000 	C:\WINDOWS\System32\SHELL32.dll
0x00007ffe7a450000 - 0x00007ffe7acb5000 	C:\WINDOWS\SYSTEM32\windows.storage.dll
0x00007ffe7d4a0000 - 0x00007ffe7d818000 	C:\WINDOWS\System32\combase.dll
0x00007ffe7a2e0000 - 0x00007ffe7a446000 	C:\WINDOWS\SYSTEM32\wintypes.dll
0x00007ffe7d900000 - 0x00007ffe7d9ea000 	C:\WINDOWS\System32\SHCORE.dll
0x00007ffe7cfe0000 - 0x00007ffe7d03d000 	C:\WINDOWS\System32\shlwapi.dll
0x00007ffe7c290000 - 0x00007ffe7c2b1000 	C:\WINDOWS\SYSTEM32\profapi.dll

dbghelp: loaded successfully - version: 4.0.5 - missing functions: none
symbol engine: initialized successfully - sym options: 0x614 - pdb path: .;C:\Users\sd03v\OneDrive\ÉfÉXÉNÉgÉbÉv\java\17\bin;C:\WINDOWS\SYSTEM32;C:\WINDOWS\WinSxS\amd64_microsoft.windows.common-controls_6595b64144ccf1df_6.0.22000.120_none_9d947278b86cc467;C:\Users\sd03v\OneDrive\ÉfÉXÉNÉgÉbÉv\java\1;C:\Users\sd03v\OneDrive\ÉfÉXÉNÉgÉbÉv\;C:\Users\sd03v\OneDrive\ÉfÉXÉNÅEC:\Users\sd03v\OneDrive\ÉfÉ

VM Arguments:
jvm_args: -Dfile.encoding=UTF-8 -XX:+ShowCodeDetailsInExceptionMessages 
java_command: Chapter08
java_class_path (initial): C:\Users\sd03v\git\java\JavaWcp\bin
Launcher Type: SUN_STANDARD

[Global flags]
     intx CICompilerCount                          = 3                                         {product} {ergonomic}
     uint ConcGCThreads                            = 1                                         {product} {ergonomic}
     uint G1ConcRefinementThreads                  = 4                                         {product} {ergonomic}
   size_t G1HeapRegionSize                         = 1048576                                   {product} {ergonomic}
    uintx GCDrainStackTargetSize                   = 64                                        {product} {ergonomic}
   size_t InitialHeapSize                          = 132120576                                 {product} {ergonomic}
   size_t MarkStackSize                            = 4194304                                   {product} {ergonomic}
   size_t MaxHeapSize                              = 2107637760                                {product} {ergonomic}
   size_t MaxNewSize                               = 1264582656                                {product} {ergonomic}
   size_t MinHeapDeltaBytes                        = 1048576                                   {product} {ergonomic}
   size_t MinHeapSize                              = 8388608                                   {product} {ergonomic}
    uintx NonNMethodCodeHeapSize                   = 5832780                                {pd product} {ergonomic}
    uintx NonProfiledCodeHeapSize                  = 122912730                              {pd product} {ergonomic}
    uintx ProfiledCodeHeapSize                     = 122912730                              {pd product} {ergonomic}
    uintx ReservedCodeCacheSize                    = 251658240                              {pd product} {ergonomic}
     bool SegmentedCodeCache                       = true                                      {product} {ergonomic}
     bool ShowCodeDetailsInExceptionMessages       = true                                   {manageable} {command line}
   size_t SoftMaxHeapSize                          = 2107637760                             {manageable} {ergonomic}
     bool UseCompressedClassPointers               = true                           {product lp64_product} {ergonomic}
     bool UseCompressedOops                        = true                           {product lp64_product} {ergonomic}
     bool UseG1GC                                  = true                                      {product} {ergonomic}
     bool UseLargePagesIndividualAllocation        = false                                  {pd product} {ergonomic}

Logging:
Log output configuration:
 #0: stdout all=warning uptime,level,tags
 #1: stderr all=off uptime,level,tags

Environment Variables:
JAVA_HOME=C:\Program Files\Java\jdk1.8.0_202
PATH=C:/Users/sd03v/OneDrive/ÉfÉXÉNÉgÉbÉv/java/17/bin/server;C:/Users/sd03v/OneDrive/ÉfÉXÉNÉgÉbÉv/java/17/bin;C:\Program Files (x86)\Common Files\Oracle\Java\javapath;C:\WINDOWS\system32;C:\WINDOWS;C:\WINDOWS\System32\Wbem;C:\WINDOWS\System32\WindowsPowerShell\v1.0\;C:\WINDOWS\System32\OpenSSH\;C:\Program Files (x86)\dotnet\;C:\Program Files\Java\jdk1.8.0_202\bin;C:\Users\sd03v\AppData\Local\Microsoft\WindowsApps;C:\Users\sd03v\AppData\Local\GitHubDesktop\bin;C:\Users\sd03v\OneDrive\ÉfÉXÉNÉgÉbÉv\eclipse;
USERNAME=sd03v
OS=Windows_NT
PROCESSOR_IDENTIFIER=Intel64 Family 6 Model 142 Stepping 12, GenuineIntel



---------------  S Y S T E M  ---------------

OS:
 Windows 11 , 64 bit Build 22000 (10.0.22000.1335)
OS uptime: 27 days 5:42 hours

CPU: total 4 (initial active 4) (2 cores per cpu, 2 threads per core) family 6 model 142 stepping 12 microcode 0xde, cx8, cmov, fxsr, ht, mmx, 3dnowpref, sse, sse2, sse3, ssse3, sse4.1, sse4.2, popcnt, lzcnt, tsc, tscinvbit, avx, avx2, aes, erms, clmul, bmi1, bmi2, adx, fma, vzeroupper, clflush, clflushopt

Memory: 4k page, system-wide physical 8038M (342M free)
TotalPageFile size 32614M (AvailPageFile size 9M)
current process WorkingSet (physical memory assigned to process): 24M, peak: 24M
current process commit charge ("private bytes"): 190M, peak: 195M

vm_info: OpenJDK 64-Bit Server VM (17.0.3+7) for windows-amd64 JRE (17.0.3+7), built on Apr 19 2022 16:55:35 by "" with MS VC++ 16.7 (VS2019)

END.
